[ 2015-08-24T19:36:27+08:00 ] 127.0.0.1 /admin/index
INFO: [ app_init ] --START--
INFO: Run Behavior\BuildLiteBehavior [ RunTime:0.000028s ]
INFO: [ app_init ] --END-- [ RunTime:0.000467s ]
INFO: [ app_begin ] --START--
INFO: Run Behavior\ReadHtmlCacheBehavior [ RunTime:0.000773s ]
INFO: Run Behavior\CheckLangBehavior [ RunTime:0.000971s ]
INFO: [ app_begin ] --END-- [ RunTime:0.001931s ]
NOTIC: [8] A session had already been started - ignoring session_start() D:\wwwroot\fx\ThinkPHP\Common\functions.php 第 1263 行.
INFO: [ view_parse ] --START--
INFO: [ template_filter ] --START--
INFO: Run Behavior\ContentReplaceBehavior [ RunTime:0.000289s ]
INFO: [ template_filter ] --END-- [ RunTime:0.000616s ]
INFO: Run Behavior\ParseTemplateBehavior [ RunTime:0.457515s ]
INFO: [ view_parse ] --END-- [ RunTime:0.457709s ]
INFO: [ view_filter ] --START--
INFO: Run Behavior\WriteHtmlCacheBehavior [ RunTime:0.025934s ]
INFO: [ view_filter ] --END-- [ RunTime:0.026154s ]
INFO: [ app_end ] --START--
INFO: Run Behavior\ShowPageTraceBehavior [ RunTime:0.001905s ]
INFO: [ app_end ] --END-- [ RunTime:0.002244s ]

[ 2015-08-24T19:40:02+08:00 ] 127.0.0.1 /admin/index
INFO: [ app_init ] --START--
INFO: Run Behavior\BuildLiteBehavior [ RunTime:0.000017s ]
INFO: [ app_init ] --END-- [ RunTime:0.000501s ]
INFO: [ app_begin ] --START--
INFO: Run Behavior\ReadHtmlCacheBehavior [ RunTime:0.000654s ]
INFO: Run Behavior\CheckLangBehavior [ RunTime:0.000992s ]
INFO: [ app_begin ] --END-- [ RunTime:0.001755s ]
NOTIC: [8] A session had already been started - ignoring session_start() D:\wwwroot\fx\ThinkPHP\Common\functions.php 第 1263 行.
INFO: [ view_parse ] --START--
INFO: [ template_filter ] --START--
INFO: Run Behavior\ContentReplaceBehavior [ RunTime:0.000099s ]
INFO: [ template_filter ] --END-- [ RunTime:0.000196s ]
INFO: Run Behavior\ParseTemplateBehavior [ RunTime:0.008853s ]
INFO: [ view_parse ] --END-- [ RunTime:0.008943s ]
INFO: [ view_filter ] --START--
INFO: Run Behavior\WriteHtmlCacheBehavior [ RunTime:0.000403s ]
INFO: [ view_filter ] --END-- [ RunTime:0.000462s ]
INFO: [ app_end ] --START--
INFO: Run Behavior\ShowPageTraceBehavior [ RunTime:0.000619s ]
INFO: [ app_end ] --END-- [ RunTime:0.000682s ]

[ 2015-08-24T19:40:02+08:00 ] 127.0.0.1 /admin/index
INFO: [ app_init ] --START--
INFO: Run Behavior\BuildLiteBehavior [ RunTime:0.000017s ]
INFO: [ app_init ] --END-- [ RunTime:0.000378s ]
INFO: [ app_begin ] --START--
INFO: Run Behavior\ReadHtmlCacheBehavior [ RunTime:0.000476s ]
INFO: Run Behavior\CheckLangBehavior [ RunTime:0.000623s ]
INFO: [ app_begin ] --END-- [ RunTime:0.001206s ]
NOTIC: [8] A session had already been started - ignoring session_start() D:\wwwroot\fx\ThinkPHP\Common\functions.php 第 1263 行.
INFO: [ view_parse ] --START--
INFO: [ template_filter ] --START--
INFO: Run Behavior\ContentReplaceBehavior [ RunTime:0.000082s ]
INFO: [ template_filter ] --END-- [ RunTime:0.000159s ]
INFO: Run Behavior\ParseTemplateBehavior [ RunTime:0.007986s ]
INFO: [ view_parse ] --END-- [ RunTime:0.008058s ]
INFO: [ view_filter ] --START--
INFO: Run Behavior\WriteHtmlCacheBehavior [ RunTime:0.000262s ]
INFO: [ view_filter ] --END-- [ RunTime:0.000313s ]
INFO: [ app_end ] --START--
INFO: Run Behavior\ShowPageTraceBehavior [ RunTime:0.000479s ]
INFO: [ app_end ] --END-- [ RunTime:0.000535s ]

[ 2015-08-24T20:19:08+08:00 ] 127.0.0.1 /admin/index
INFO: [ app_init ] --START--
INFO: Run Behavior\BuildLiteBehavior [ RunTime:0.000016s ]
INFO: [ app_init ] --END-- [ RunTime:0.000414s ]
INFO: [ app_begin ] --START--
INFO: Run Behavior\ReadHtmlCacheBehavior [ RunTime:0.000630s ]
INFO: Run Behavior\CheckLangBehavior [ RunTime:0.000904s ]
INFO: [ app_begin ] --END-- [ RunTime:0.001642s ]
NOTIC: [8] A session had already been started - ignoring session_start() D:\wwwroot\fx\ThinkPHP\Common\functions.php 第 1263 行.
INFO: [ view_parse ] --START--
INFO: [ template_filter ] --START--
INFO: Run Behavior\ContentReplaceBehavior [ RunTime:0.000079s ]
INFO: [ template_filter ] --END-- [ RunTime:0.000147s ]
INFO: Run Behavior\ParseTemplateBehavior [ RunTime:0.008683s ]
INFO: [ view_parse ] --END-- [ RunTime:0.008758s ]
INFO: [ view_filter ] --START--
INFO: Run Behavior\WriteHtmlCacheBehavior [ RunTime:0.000407s ]
INFO: [ view_filter ] --END-- [ RunTime:0.000463s ]
INFO: [ app_end ] --START--
INFO: Run Behavior\ShowPageTraceBehavior [ RunTime:0.000594s ]
INFO: [ app_end ] --END-- [ RunTime:0.000654s ]

[ 2015-08-24T20:19:24+08:00 ] 127.0.0.1 /admin/index
INFO: [ app_init ] --START--
INFO: Run Behavior\BuildLiteBehavior [ RunTime:0.000016s ]
INFO: [ app_init ] --END-- [ RunTime:0.000480s ]
INFO: [ app_begin ] --START--
INFO: Run Behavior\ReadHtmlCacheBehavior [ RunTime:0.000558s ]
INFO: Run Behavior\CheckLangBehavior [ RunTime:0.000907s ]
INFO: [ app_begin ] --END-- [ RunTime:0.001573s ]
NOTIC: [8] A session had already been started - ignoring session_start() D:\wwwroot\fx\ThinkPHP\Common\functions.php 第 1263 行.
INFO: [ view_parse ] --START--
INFO: [ template_filter ] --START--
INFO: Run Behavior\ContentReplaceBehavior [ RunTime:0.000080s ]
INFO: [ template_filter ] --END-- [ RunTime:0.000147s ]
INFO: Run Behavior\ParseTemplateBehavior [ RunTime:0.008873s ]
INFO: [ view_parse ] --END-- [ RunTime:0.008944s ]
INFO: [ view_filter ] --START--
INFO: Run Behavior\WriteHtmlCacheBehavior [ RunTime:0.000400s ]
INFO: [ view_filter ] --END-- [ RunTime:0.000457s ]
INFO: [ app_end ] --START--
INFO: Run Behavior\ShowPageTraceBehavior [ RunTime:0.000647s ]
INFO: [ app_end ] --END-- [ RunTime:0.000706s ]

[ 2015-08-24T20:21:18+08:00 ] 127.0.0.1 /admin/index
INFO: [ app_init ] --START--
INFO: Run Behavior\BuildLiteBehavior [ RunTime:0.000018s ]
INFO: [ app_init ] --END-- [ RunTime:0.000425s ]
INFO: [ app_begin ] --START--
INFO: Run Behavior\ReadHtmlCacheBehavior [ RunTime:0.000594s ]
INFO: Run Behavior\CheckLangBehavior [ RunTime:0.000745s ]
INFO: [ app_begin ] --END-- [ RunTime:0.001444s ]
NOTIC: [8] A session had already been started - ignoring session_start() D:\wwwroot\fx\ThinkPHP\Common\functions.php 第 1263 行.
INFO: [ view_parse ] --START--
INFO: [ template_filter ] --START--
INFO: Run Behavior\ContentReplaceBehavior [ RunTime:0.000080s ]
INFO: [ template_filter ] --END-- [ RunTime:0.000150s ]
INFO: Run Behavior\ParseTemplateBehavior [ RunTime:0.009814s ]
INFO: [ view_parse ] --END-- [ RunTime:0.009904s ]
INFO: [ view_filter ] --START--
INFO: Run Behavior\WriteHtmlCacheBehavior [ RunTime:0.000363s ]
INFO: [ view_filter ] --END-- [ RunTime:0.000420s ]
INFO: [ app_end ] --START--
INFO: Run Behavior\ShowPageTraceBehavior [ RunTime:0.000717s ]
INFO: [ app_end ] --END-- [ RunTime:0.000796s ]

[ 2015-08-24T20:27:06+08:00 ] 127.0.0.1 /admin/index
INFO: [ app_init ] --START--
INFO: Run Behavior\BuildLiteBehavior [ RunTime:0.000018s ]
INFO: [ app_init ] --END-- [ RunTime:0.000408s ]
INFO: [ app_begin ] --START--
INFO: Run Behavior\ReadHtmlCacheBehavior [ RunTime:0.000752s ]
INFO: Run Behavior\CheckLangBehavior [ RunTime:0.001564s ]
INFO: [ app_begin ] --END-- [ RunTime:0.002487s ]
NOTIC: [8] A session had already been started - ignoring session_start() D:\wwwroot\fx\ThinkPHP\Common\functions.php 第 1263 行.
INFO: [ view_parse ] --START--
INFO: [ template_filter ] --START--
INFO: Run Behavior\ContentReplaceBehavior [ RunTime:0.000089s ]
INFO: [ template_filter ] --END-- [ RunTime:0.000176s ]
INFO: Run Behavior\ParseTemplateBehavior [ RunTime:0.010135s ]
INFO: [ view_parse ] --END-- [ RunTime:0.010249s ]
INFO: [ view_filter ] --START--
INFO: Run Behavior\WriteHtmlCacheBehavior [ RunTime:0.000480s ]
INFO: [ view_filter ] --END-- [ RunTime:0.000566s ]
INFO: [ app_end ] --START--
INFO: Run Behavior\ShowPageTraceBehavior [ RunTime:0.000857s ]
INFO: [ app_end ] --END-- [ RunTime:0.000979s ]

[ 2015-08-24T20:27:51+08:00 ] 127.0.0.1 /admin/index
INFO: [ app_init ] --START--
INFO: Run Behavior\BuildLiteBehavior [ RunTime:0.000016s ]
INFO: [ app_init ] --END-- [ RunTime:0.000481s ]
INFO: [ app_begin ] --START--
INFO: Run Behavior\ReadHtmlCacheBehavior [ RunTime:0.000626s ]
INFO: Run Behavior\CheckLangBehavior [ RunTime:0.000940s ]
INFO: [ app_begin ] --END-- [ RunTime:0.001735s ]
NOTIC: [8] A session had already been started - ignoring session_start() D:\wwwroot\fx\ThinkPHP\Common\functions.php 第 1263 行.
INFO: [ view_parse ] --START--
INFO: [ template_filter ] --START--
INFO: Run Behavior\ContentReplaceBehavior [ RunTime:0.000082s ]
INFO: [ template_filter ] --END-- [ RunTime:0.000151s ]
INFO: Run Behavior\ParseTemplateBehavior [ RunTime:0.008466s ]
INFO: [ view_parse ] --END-- [ RunTime:0.008537s ]
INFO: [ view_filter ] --START--
INFO: Run Behavior\WriteHtmlCacheBehavior [ RunTime:0.000376s ]
INFO: [ view_filter ] --END-- [ RunTime:0.000432s ]
INFO: [ app_end ] --START--
INFO: Run Behavior\ShowPageTraceBehavior [ RunTime:0.000624s ]
INFO: [ app_end ] --END-- [ RunTime:0.000684s ]

[ 2015-08-24T20:29:42+08:00 ] 127.0.0.1 /admin/index
INFO: [ app_init ] --START--
INFO: Run Behavior\BuildLiteBehavior [ RunTime:0.000016s ]
INFO: [ app_init ] --END-- [ RunTime:0.000449s ]
INFO: [ app_begin ] --START--
INFO: Run Behavior\ReadHtmlCacheBehavior [ RunTime:0.000608s ]
INFO: Run Behavior\CheckLangBehavior [ RunTime:0.001031s ]
INFO: [ app_begin ] --END-- [ RunTime:0.001752s ]
NOTIC: [8] A session had already been started - ignoring session_start() D:\wwwroot\fx\ThinkPHP\Common\functions.php 第 1263 行.
INFO: [ view_parse ] --START--
INFO: [ template_filter ] --START--
INFO: Run Behavior\ContentReplaceBehavior [ RunTime:0.000089s ]
INFO: [ template_filter ] --END-- [ RunTime:0.000172s ]
INFO: Run Behavior\ParseTemplateBehavior [ RunTime:0.008684s ]
INFO: [ view_parse ] --END-- [ RunTime:0.008754s ]
INFO: [ view_filter ] --START--
INFO: Run Behavior\WriteHtmlCacheBehavior [ RunTime:0.000413s ]
INFO: [ view_filter ] --END-- [ RunTime:0.000469s ]
INFO: [ app_end ] --START--
INFO: Run Behavior\ShowPageTraceBehavior [ RunTime:0.000633s ]
INFO: [ app_end ] --END-- [ RunTime:0.000692s ]

[ 2015-08-24T20:31:24+08:00 ] 127.0.0.1 /admin/index
INFO: [ app_init ] --START--
INFO: Run Behavior\BuildLiteBehavior [ RunTime:0.000017s ]
INFO: [ app_init ] --END-- [ RunTime:0.000534s ]
INFO: [ app_begin ] --START--
INFO: Run Behavior\ReadHtmlCacheBehavior [ RunTime:0.000636s ]
INFO: Run Behavior\CheckLangBehavior [ RunTime:0.000928s ]
INFO: [ app_begin ] --END-- [ RunTime:0.001678s ]
NOTIC: [8] A session had already been started - ignoring session_start() D:\wwwroot\fx\ThinkPHP\Common\functions.php 第 1263 行.
INFO: [ view_parse ] --START--
INFO: [ template_filter ] --START--
INFO: Run Behavior\ContentReplaceBehavior [ RunTime:0.000080s ]
INFO: [ template_filter ] --END-- [ RunTime:0.000151s ]
INFO: Run Behavior\ParseTemplateBehavior [ RunTime:0.008846s ]
INFO: [ view_parse ] --END-- [ RunTime:0.008918s ]
INFO: [ view_filter ] --START--
INFO: Run Behavior\WriteHtmlCacheBehavior [ RunTime:0.000406s ]
INFO: [ view_filter ] --END-- [ RunTime:0.000464s ]
INFO: [ app_end ] --START--
INFO: Run Behavior\ShowPageTraceBehavior [ RunTime:0.000626s ]
INFO: [ app_end ] --END-- [ RunTime:0.000685s ]

[ 2015-08-24T20:31:25+08:00 ] 127.0.0.1 /admin/index
INFO: [ app_init ] --START--
INFO: Run Behavior\BuildLiteBehavior [ RunTime:0.000015s ]
INFO: [ app_init ] --END-- [ RunTime:0.000425s ]
INFO: [ app_begin ] --START--
INFO: Run Behavior\ReadHtmlCacheBehavior [ RunTime:0.000524s ]
INFO: Run Behavior\CheckLangBehavior [ RunTime:0.000733s ]
INFO: [ app_begin ] --END-- [ RunTime:0.001379s ]
NOTIC: [8] A session had already been started - ignoring session_start() D:\wwwroot\fx\ThinkPHP\Common\functions.php 第 1263 行.
INFO: [ view_parse ] --START--
INFO: [ template_filter ] --START--
INFO: Run Behavior\ContentReplaceBehavior [ RunTime:0.000107s ]
INFO: [ template_filter ] --END-- [ RunTime:0.000224s ]
INFO: Run Behavior\ParseTemplateBehavior [ RunTime:0.008041s ]
INFO: [ view_parse ] --END-- [ RunTime:0.008113s ]
INFO: [ view_filter ] --START--
INFO: Run Behavior\WriteHtmlCacheBehavior [ RunTime:0.000332s ]
INFO: [ view_filter ] --END-- [ RunTime:0.000390s ]
INFO: [ app_end ] --START--
INFO: Run Behavior\ShowPageTraceBehavior [ RunTime:0.000597s ]
INFO: [ app_end ] --END-- [ RunTime:0.000659s ]

[ 2015-08-24T20:32:02+08:00 ] 127.0.0.1 /admin/index
INFO: [ app_init ] --START--
INFO: Run Behavior\BuildLiteBehavior [ RunTime:0.000017s ]
INFO: [ app_init ] --END-- [ RunTime:0.000414s ]
INFO: [ app_begin ] --START--
INFO: Run Behavior\ReadHtmlCacheBehavior [ RunTime:0.000550s ]
INFO: Run Behavior\CheckLangBehavior [ RunTime:0.000775s ]
INFO: [ app_begin ] --END-- [ RunTime:0.001436s ]
NOTIC: [8] A session had already been started - ignoring session_start() D:\wwwroot\fx\ThinkPHP\Common\functions.php 第 1263 行.
INFO: [ view_parse ] --START--
INFO: [ template_filter ] --START--
INFO: Run Behavior\ContentReplaceBehavior [ RunTime:0.000129s ]
INFO: [ template_filter ] --END-- [ RunTime:0.000250s ]
INFO: Run Behavior\ParseTemplateBehavior [ RunTime:0.010320s ]
INFO: [ view_parse ] --END-- [ RunTime:0.010423s ]
INFO: [ view_filter ] --START--
INFO: Run Behavior\WriteHtmlCacheBehavior [ RunTime:0.000463s ]
INFO: [ view_filter ] --END-- [ RunTime:0.000550s ]
INFO: [ app_end ] --START--
INFO: Run Behavior\ShowPageTraceBehavior [ RunTime:0.000854s ]
INFO: [ app_end ] --END-- [ RunTime:0.000957s ]

[ 2015-08-24T20:32:17+08:00 ] 127.0.0.1 /admin/index
INFO: [ app_init ] --START--
INFO: Run Behavior\BuildLiteBehavior [ RunTime:0.000020s ]
INFO: [ app_init ] --END-- [ RunTime:0.000501s ]
INFO: [ app_begin ] --START--
INFO: Run Behavior\ReadHtmlCacheBehavior [ RunTime:0.000655s ]
INFO: Run Behavior\CheckLangBehavior [ RunTime:0.001002s ]
INFO: [ app_begin ] --END-- [ RunTime:0.001784s ]
NOTIC: [8] A session had already been started - ignoring session_start() D:\wwwroot\fx\ThinkPHP\Common\functions.php 第 1263 行.
INFO: [ view_parse ] --START--
INFO: [ template_filter ] --START--
INFO: Run Behavior\ContentReplaceBehavior [ RunTime:0.000082s ]
INFO: [ template_filter ] --END-- [ RunTime:0.000154s ]
INFO: Run Behavior\ParseTemplateBehavior [ RunTime:0.008946s ]
INFO: [ view_parse ] --END-- [ RunTime:0.009021s ]
INFO: [ view_filter ] --START--
INFO: Run Behavior\WriteHtmlCacheBehavior [ RunTime:0.000408s ]
INFO: [ view_filter ] --END-- [ RunTime:0.000466s ]
INFO: [ app_end ] --START--
INFO: Run Behavior\ShowPageTraceBehavior [ RunTime:0.000638s ]
INFO: [ app_end ] --END-- [ RunTime:0.000701s ]

[ 2015-08-24T20:32:27+08:00 ] 127.0.0.1 /admin/index
INFO: [ app_init ] --START--
INFO: Run Behavior\BuildLiteBehavior [ RunTime:0.000021s ]
INFO: [ app_init ] --END-- [ RunTime:0.000493s ]
INFO: [ app_begin ] --START--
INFO: Run Behavior\ReadHtmlCacheBehavior [ RunTime:0.000628s ]
INFO: Run Behavior\CheckLangBehavior [ RunTime:0.000930s ]
INFO: [ app_begin ] --END-- [ RunTime:0.001675s ]
NOTIC: [8] A session had already been started - ignoring session_start() D:\wwwroot\fx\ThinkPHP\Common\functions.php 第 1263 行.
INFO: [ view_parse ] --START--
INFO: [ template_filter ] --START--
INFO: Run Behavior\ContentReplaceBehavior [ RunTime:0.000096s ]
INFO: [ template_filter ] --END-- [ RunTime:0.000182s ]
INFO: Run Behavior\ParseTemplateBehavior [ RunTime:0.008620s ]
INFO: [ view_parse ] --END-- [ RunTime:0.008699s ]
INFO: [ view_filter ] --START--
INFO: Run Behavior\WriteHtmlCacheBehavior [ RunTime:0.000507s ]
INFO: [ view_filter ] --END-- [ RunTime:0.000567s ]
INFO: [ app_end ] --START--
INFO: Run Behavior\ShowPageTraceBehavior [ RunTime:0.000639s ]
INFO: [ app_end ] --END-- [ RunTime:0.000699s ]

[ 2015-08-24T20:39:17+08:00 ] 127.0.0.1 /admin/index
INFO: [ app_init ] --START--
INFO: Run Behavior\BuildLiteBehavior [ RunTime:0.000022s ]
INFO: [ app_init ] --END-- [ RunTime:0.000526s ]
INFO: [ app_begin ] --START--
INFO: Run Behavior\ReadHtmlCacheBehavior [ RunTime:0.000663s ]
INFO: Run Behavior\CheckLangBehavior [ RunTime:0.001013s ]
INFO: [ app_begin ] --END-- [ RunTime:0.001798s ]
NOTIC: [8] A session had already been started - ignoring session_start() D:\wwwroot\fx\ThinkPHP\Common\functions.php 第 1263 行.
INFO: [ view_parse ] --START--
INFO: [ template_filter ] --START--
INFO: Run Behavior\ContentReplaceBehavior [ RunTime:0.000082s ]
INFO: [ template_filter ] --END-- [ RunTime:0.000154s ]
INFO: Run Behavior\ParseTemplateBehavior [ RunTime:0.009720s ]
INFO: [ view_parse ] --END-- [ RunTime:0.009799s ]
INFO: [ view_filter ] --START--
INFO: Run Behavior\WriteHtmlCacheBehavior [ RunTime:0.000333s ]
INFO: [ view_filter ] --END-- [ RunTime:0.000391s ]
INFO: [ app_end ] --START--
INFO: Run Behavior\ShowPageTraceBehavior [ RunTime:0.000581s ]
INFO: [ app_end ] --END-- [ RunTime:0.000639s ]

[ 2015-08-24T20:39:55+08:00 ] 127.0.0.1 /admin/index
INFO: [ app_init ] --START--
INFO: Run Behavior\BuildLiteBehavior [ RunTime:0.000017s ]
INFO: [ app_init ] --END-- [ RunTime:0.000490s ]
INFO: [ app_begin ] --START--
INFO: Run Behavior\ReadHtmlCacheBehavior [ RunTime:0.000610s ]
INFO: Run Behavior\CheckLangBehavior [ RunTime:0.000929s ]
INFO: [ app_begin ] --END-- [ RunTime:0.001647s ]
NOTIC: [8] A session had already been started - ignoring session_start() D:\wwwroot\fx\ThinkPHP\Common\functions.php 第 1263 行.
INFO: [ view_parse ] --START--
INFO: [ template_filter ] --START--
INFO: Run Behavior\ContentReplaceBehavior [ RunTime:0.000082s ]
INFO: [ template_filter ] --END-- [ RunTime:0.000156s ]
INFO: Run Behavior\ParseTemplateBehavior [ RunTime:0.008457s ]
INFO: [ view_parse ] --END-- [ RunTime:0.008527s ]
INFO: [ view_filter ] --START--
INFO: Run Behavior\WriteHtmlCacheBehavior [ RunTime:0.000415s ]
INFO: [ view_filter ] --END-- [ RunTime:0.000472s ]
INFO: [ app_end ] --START--
INFO: Run Behavior\ShowPageTraceBehavior [ RunTime:0.000633s ]
INFO: [ app_end ] --END-- [ RunTime:0.000693s ]

[ 2015-08-24T20:45:21+08:00 ] 127.0.0.1 /admin/index
INFO: [ app_init ] --START--
INFO: Run Behavior\BuildLiteBehavior [ RunTime:0.000016s ]
INFO: [ app_init ] --END-- [ RunTime:0.000474s ]
INFO: [ app_begin ] --START--
INFO: Run Behavior\ReadHtmlCacheBehavior [ RunTime:0.000667s ]
INFO: Run Behavior\CheckLangBehavior [ RunTime:0.001061s ]
INFO: [ app_begin ] --END-- [ RunTime:0.001867s ]
NOTIC: [8] A session had already been started - ignoring session_start() D:\wwwroot\fx\ThinkPHP\Common\functions.php 第 1263 行.
INFO: [ view_parse ] --START--
INFO: [ template_filter ] --START--
INFO: Run Behavior\ContentReplaceBehavior [ RunTime:0.000083s ]
INFO: [ template_filter ] --END-- [ RunTime:0.000152s ]
INFO: Run Behavior\ParseTemplateBehavior [ RunTime:0.008322s ]
INFO: [ view_parse ] --END-- [ RunTime:0.008394s ]
INFO: [ view_filter ] --START--
INFO: Run Behavior\WriteHtmlCacheBehavior [ RunTime:0.000412s ]
INFO: [ view_filter ] --END-- [ RunTime:0.000469s ]
INFO: [ app_end ] --START--
INFO: Run Behavior\ShowPageTraceBehavior [ RunTime:0.000627s ]
INFO: [ app_end ] --END-- [ RunTime:0.000687s ]

[ 2015-08-24T20:45:34+08:00 ] 127.0.0.1 /admin/index
INFO: [ app_init ] --START--
INFO: Run Behavior\BuildLiteBehavior [ RunTime:0.000016s ]
INFO: [ app_init ] --END-- [ RunTime:0.000363s ]
INFO: [ app_begin ] --START--
INFO: Run Behavior\ReadHtmlCacheBehavior [ RunTime:0.000464s ]
INFO: Run Behavior\CheckLangBehavior [ RunTime:0.000620s ]
INFO: [ app_begin ] --END-- [ RunTime:0.001185s ]
NOTIC: [8] A session had already been started - ignoring session_start() D:\wwwroot\fx\ThinkPHP\Common\functions.php 第 1263 行.
INFO: [ view_parse ] --START--
INFO: [ template_filter ] --START--
INFO: Run Behavior\ContentReplaceBehavior [ RunTime:0.000082s ]
INFO: [ template_filter ] --END-- [ RunTime:0.000150s ]
INFO: Run Behavior\ParseTemplateBehavior [ RunTime:0.007566s ]
INFO: [ view_parse ] --END-- [ RunTime:0.007631s ]
INFO: [ view_filter ] --START--
INFO: Run Behavior\WriteHtmlCacheBehavior [ RunTime:0.000290s ]
INFO: [ view_filter ] --END-- [ RunTime:0.000346s ]
INFO: [ app_end ] --START--
INFO: Run Behavior\ShowPageTraceBehavior [ RunTime:0.000495s ]
INFO: [ app_end ] --END-- [ RunTime:0.000556s ]

[ 2015-08-24T20:45:41+08:00 ] 127.0.0.1 /admin/index
INFO: [ app_init ] --START--
INFO: Run Behavior\BuildLiteBehavior [ RunTime:0.000022s ]
INFO: [ app_init ] --END-- [ RunTime:0.000384s ]
INFO: [ app_begin ] --START--
INFO: Run Behavior\ReadHtmlCacheBehavior [ RunTime:0.000536s ]
INFO: Run Behavior\CheckLangBehavior [ RunTime:0.000750s ]
INFO: [ app_begin ] --END-- [ RunTime:0.001422s ]
NOTIC: [8] A session had already been started - ignoring session_start() D:\wwwroot\fx\ThinkPHP\Common\functions.php 第 1263 行.
INFO: [ view_parse ] --START--
INFO: [ template_filter ] --START--
INFO: Run Behavior\ContentReplaceBehavior [ RunTime:0.000131s ]
INFO: [ template_filter ] --END-- [ RunTime:0.000238s ]
INFO: Run Behavior\ParseTemplateBehavior [ RunTime:0.007941s ]
INFO: [ view_parse ] --END-- [ RunTime:0.008024s ]
INFO: [ view_filter ] --START--
INFO: Run Behavior\WriteHtmlCacheBehavior [ RunTime:0.000312s ]
INFO: [ view_filter ] --END-- [ RunTime:0.000378s ]
INFO: [ app_end ] --START--
INFO: Run Behavior\ShowPageTraceBehavior [ RunTime:0.000507s ]
INFO: [ app_end ] --END-- [ RunTime:0.000566s ]

[ 2015-08-24T20:45:59+08:00 ] 127.0.0.1 /admin/index
INFO: [ app_init ] --START--
INFO: Run Behavior\BuildLiteBehavior [ RunTime:0.000018s ]
INFO: [ app_init ] --END-- [ RunTime:0.000392s ]
INFO: [ app_begin ] --START--
INFO: Run Behavior\ReadHtmlCacheBehavior [ RunTime:0.000544s ]
INFO: Run Behavior\CheckLangBehavior [ RunTime:0.000778s ]
INFO: [ app_begin ] --END-- [ RunTime:0.001431s ]
NOTIC: [8] A session had already been started - ignoring session_start() D:\wwwroot\fx\ThinkPHP\Common\functions.php 第 1263 行.
INFO: [ view_parse ] --START--
INFO: [ template_filter ] --START--
INFO: Run Behavior\ContentReplaceBehavior [ RunTime:0.000081s ]
INFO: [ template_filter ] --END-- [ RunTime:0.000143s ]
INFO: Run Behavior\ParseTemplateBehavior [ RunTime:0.007400s ]
INFO: [ view_parse ] --END-- [ RunTime:0.007468s ]
INFO: [ view_filter ] --START--
INFO: Run Behavior\WriteHtmlCacheBehavior [ RunTime:0.000327s ]
INFO: [ view_filter ] --END-- [ RunTime:0.000383s ]
INFO: [ app_end ] --START--
INFO: Run Behavior\ShowPageTraceBehavior [ RunTime:0.000509s ]
INFO: [ app_end ] --END-- [ RunTime:0.000566s ]

[ 2015-08-24T20:46:09+08:00 ] 127.0.0.1 /admin/index
INFO: [ app_init ] --START--
INFO: Run Behavior\BuildLiteBehavior [ RunTime:0.000016s ]
INFO: [ app_init ] --END-- [ RunTime:0.000368s ]
INFO: [ app_begin ] --START--
INFO: Run Behavior\ReadHtmlCacheBehavior [ RunTime:0.000506s ]
INFO: Run Behavior\CheckLangBehavior [ RunTime:0.000684s ]
INFO: [ app_begin ] --END-- [ RunTime:0.001312s ]
NOTIC: [8] A session had already been started - ignoring session_start() D:\wwwroot\fx\ThinkPHP\Common\functions.php 第 1263 行.
INFO: [ view_parse ] --START--
INFO: [ template_filter ] --START--
INFO: Run Behavior\ContentReplaceBehavior [ RunTime:0.000089s ]
INFO: [ template_filter ] --END-- [ RunTime:0.000161s ]
INFO: Run Behavior\ParseTemplateBehavior [ RunTime:0.007646s ]
INFO: [ view_parse ] --END-- [ RunTime:0.007723s ]
INFO: [ view_filter ] --START--
INFO: Run Behavior\WriteHtmlCacheBehavior [ RunTime:0.000336s ]
INFO: [ view_filter ] --END-- [ RunTime:0.000392s ]
INFO: [ app_end ] --START--
INFO: Run Behavior\ShowPageTraceBehavior [ RunTime:0.000552s ]
INFO: [ app_end ] --END-- [ RunTime:0.000616s ]

[ 2015-08-24T20:46:23+08:00 ] 127.0.0.1 /admin/index
INFO: [ app_init ] --START--
INFO: Run Behavior\BuildLiteBehavior [ RunTime:0.000016s ]
INFO: [ app_init ] --END-- [ RunTime:0.000441s ]
INFO: [ app_begin ] --START--
INFO: Run Behavior\ReadHtmlCacheBehavior [ RunTime:0.000537s ]
INFO: Run Behavior\CheckLangBehavior [ RunTime:0.000788s ]
INFO: [ app_begin ] --END-- [ RunTime:0.001434s ]
NOTIC: [8] A session had already been started - ignoring session_start() D:\wwwroot\fx\ThinkPHP\Common\functions.php 第 1263 行.
INFO: [ view_parse ] --START--
INFO: [ template_filter ] --START--
INFO: Run Behavior\ContentReplaceBehavior [ RunTime:0.000076s ]
INFO: [ template_filter ] --END-- [ RunTime:0.000141s ]
INFO: Run Behavior\ParseTemplateBehavior [ RunTime:0.007364s ]
INFO: [ view_parse ] --END-- [ RunTime:0.007431s ]
INFO: [ view_filter ] --START--
INFO: Run Behavior\WriteHtmlCacheBehavior [ RunTime:0.000328s ]
INFO: [ view_filter ] --END-- [ RunTime:0.000383s ]
INFO: [ app_end ] --START--
INFO: Run Behavior\ShowPageTraceBehavior [ RunTime:0.000523s ]
INFO: [ app_end ] --END-- [ RunTime:0.000582s ]

[ 2015-08-24T20:47:11+08:00 ] 127.0.0.1 /admin/index
INFO: [ app_init ] --START--
INFO: Run Behavior\BuildLiteBehavior [ RunTime:0.000016s ]
INFO: [ app_init ] --END-- [ RunTime:0.000447s ]
INFO: [ app_begin ] --START--
INFO: Run Behavior\ReadHtmlCacheBehavior [ RunTime:0.000547s ]
INFO: Run Behavior\CheckLangBehavior [ RunTime:0.000788s ]
INFO: [ app_begin ] --END-- [ RunTime:0.001441s ]
NOTIC: [8] A session had already been started - ignoring session_start() D:\wwwroot\fx\ThinkPHP\Common\functions.php 第 1263 行.
INFO: [ view_parse ] --START--
INFO: [ template_filter ] --START--
INFO: Run Behavior\ContentReplaceBehavior [ RunTime:0.000077s ]
INFO: [ template_filter ] --END-- [ RunTime:0.000142s ]
INFO: Run Behavior\ParseTemplateBehavior [ RunTime:0.007442s ]
INFO: [ view_parse ] --END-- [ RunTime:0.007529s ]
INFO: [ view_filter ] --START--
INFO: Run Behavior\WriteHtmlCacheBehavior [ RunTime:0.000385s ]
INFO: [ view_filter ] --END-- [ RunTime:0.000455s ]
INFO: [ app_end ] --START--
INFO: Run Behavior\ShowPageTraceBehavior [ RunTime:0.000581s ]
INFO: [ app_end ] --END-- [ RunTime:0.000644s ]

[ 2015-08-24T20:47:13+08:00 ] 127.0.0.1 /index.php/Admin/user/index.html
INFO: [ app_init ] --START--
INFO: Run Behavior\BuildLiteBehavior [ RunTime:0.000018s ]
INFO: [ app_init ] --END-- [ RunTime:0.000389s ]
INFO: [ app_begin ] --START--
INFO: Run Behavior\ReadHtmlCacheBehavior [ RunTime:0.000507s ]
INFO: Run Behavior\CheckLangBehavior [ RunTime:0.000757s ]
INFO: [ app_begin ] --END-- [ RunTime:0.001394s ]
NOTIC: [8] A session had already been started - ignoring session_start() D:\wwwroot\fx\ThinkPHP\Common\functions.php 第 1263 行.
ERR: 无法加载控制器:User

[ 2015-08-24T20:47:50+08:00 ] 127.0.0.1 /index.php/Admin/user/index.html
INFO: [ app_init ] --START--
INFO: Run Behavior\BuildLiteBehavior [ RunTime:0.000016s ]
INFO: [ app_init ] --END-- [ RunTime:0.000481s ]
INFO: [ app_begin ] --START--
INFO: Run Behavior\ReadHtmlCacheBehavior [ RunTime:0.000626s ]
INFO: Run Behavior\CheckLangBehavior [ RunTime:0.000922s ]
INFO: [ app_begin ] --END-- [ RunTime:0.001656s ]
NOTIC: [8] A session had already been started - ignoring session_start() D:\wwwroot\fx\ThinkPHP\Common\functions.php 第 1263 行.
ERR: 模板不存在:./Application/Admin/View/default/User/index.html

[ 2015-08-24T20:48:14+08:00 ] 127.0.0.1 /index.php/Admin/user/index.html
INFO: [ app_init ] --START--
INFO: Run Behavior\BuildLiteBehavior [ RunTime:0.000016s ]
INFO: [ app_init ] --END-- [ RunTime:0.000449s ]
INFO: [ app_begin ] --START--
INFO: Run Behavior\ReadHtmlCacheBehavior [ RunTime:0.000544s ]
INFO: Run Behavior\CheckLangBehavior [ RunTime:0.000799s ]
INFO: [ app_begin ] --END-- [ RunTime:0.001449s ]
NOTIC: [8] A session had already been started - ignoring session_start() D:\wwwroot\fx\ThinkPHP\Common\functions.php 第 1263 行.
INFO: [ view_parse ] --START--
INFO: [ template_filter ] --START--
INFO: Run Behavior\ContentReplaceBehavior [ RunTime:0.000092s ]
INFO: [ template_filter ] --END-- [ RunTime:0.000165s ]
INFO: Run Behavior\ParseTemplateBehavior [ RunTime:0.008400s ]
INFO: [ view_parse ] --END-- [ RunTime:0.008472s ]
INFO: [ view_filter ] --START--
INFO: Run Behavior\WriteHtmlCacheBehavior [ RunTime:0.000370s ]
INFO: [ view_filter ] --END-- [ RunTime:0.000433s ]
INFO: [ app_end ] --START--
INFO: Run Behavior\ShowPageTraceBehavior [ RunTime:0.000775s ]
INFO: [ app_end ] --END-- [ RunTime:0.000840s ]

[ 2015-08-24T20:48:18+08:00 ] 127.0.0.1 /index.php/Admin/user/index.html
INFO: [ app_init ] --START--
INFO: Run Behavior\BuildLiteBehavior [ RunTime:0.000016s ]
INFO: [ app_init ] --END-- [ RunTime:0.000479s ]
INFO: [ app_begin ] --START--
INFO: Run Behavior\ReadHtmlCacheBehavior [ RunTime:0.000534s ]
INFO: Run Behavior\CheckLangBehavior [ RunTime:0.000775s ]
INFO: [ app_begin ] --END-- [ RunTime:0.001419s ]
NOTIC: [8] A session had already been started - ignoring session_start() D:\wwwroot\fx\ThinkPHP\Common\functions.php 第 1263 行.
INFO: [ view_parse ] --START--
INFO: [ template_filter ] --START--
INFO: Run Behavior\ContentReplaceBehavior [ RunTime:0.000078s ]
INFO: [ template_filter ] --END-- [ RunTime:0.000149s ]
INFO: Run Behavior\ParseTemplateBehavior [ RunTime:0.007805s ]
INFO: [ view_parse ] --END-- [ RunTime:0.007872s ]
INFO: [ view_filter ] --START--
INFO: Run Behavior\WriteHtmlCacheBehavior [ RunTime:0.000340s ]
INFO: [ view_filter ] --END-- [ RunTime:0.000395s ]
INFO: [ app_end ] --START--
INFO: Run Behavior\ShowPageTraceBehavior [ RunTime:0.000564s ]
INFO: [ app_end ] --END-- [ RunTime:0.000623s ]

[ 2015-08-24T20:48:19+08:00 ] 127.0.0.1 /index.php/Admin/user/index.html
INFO: [ app_init ] --START--
INFO: Run Behavior\BuildLiteBehavior [ RunTime:0.000016s ]
INFO: [ app_init ] --END-- [ RunTime:0.000430s ]
INFO: [ app_begin ] --START--
INFO: Run Behavior\ReadHtmlCacheBehavior [ RunTime:0.000592s ]
INFO: Run Behavior\CheckLangBehavior [ RunTime:0.000791s ]
INFO: [ app_begin ] --END-- [ RunTime:0.001536s ]
NOTIC: [8] A session had already been started - ignoring session_start() D:\wwwroot\fx\ThinkPHP\Common\functions.php 第 1263 行.
INFO: [ view_parse ] --START--
INFO: [ template_filter ] --START--
INFO: Run Behavior\ContentReplaceBehavior [ RunTime:0.000075s ]
INFO: [ template_filter ] --END-- [ RunTime:0.000138s ]
INFO: Run Behavior\ParseTemplateBehavior [ RunTime:0.007363s ]
INFO: [ view_parse ] --END-- [ RunTime:0.007430s ]
INFO: [ view_filter ] --START--
INFO: Run Behavior\WriteHtmlCacheBehavior [ RunTime:0.000326s ]
INFO: [ view_filter ] --END-- [ RunTime:0.000381s ]
INFO: [ app_end ] --START--
INFO: Run Behavior\ShowPageTraceBehavior [ RunTime:0.000549s ]
INFO: [ app_end ] --END-- [ RunTime:0.000609s ]

[ 2015-08-24T20:48:21+08:00 ] 127.0.0.1 /index.php/Admin/user/index.html
INFO: [ app_init ] --START--
INFO: Run Behavior\BuildLiteBehavior [ RunTime:0.000015s ]
INFO: [ app_init ] --END-- [ RunTime:0.000441s ]
INFO: [ app_begin ] --START--
INFO: Run Behavior\ReadHtmlCacheBehavior [ RunTime:0.000541s ]
INFO: Run Behavior\CheckLangBehavior [ RunTime:0.000789s ]
INFO: [ app_begin ] --END-- [ RunTime:0.001435s ]
NOTIC: [8] A session had already been started - ignoring session_start() D:\wwwroot\fx\ThinkPHP\Common\functions.php 第 1263 行.
INFO: [ view_parse ] --START--
INFO: [ template_filter ] --START--
INFO: Run Behavior\ContentReplaceBehavior [ RunTime:0.000177s ]
INFO: [ template_filter ] --END-- [ RunTime:0.000260s ]
INFO: Run Behavior\ParseTemplateBehavior [ RunTime:0.007652s ]
INFO: [ view_parse ] --END-- [ RunTime:0.007719s ]
INFO: [ view_filter ] --START--
INFO: Run Behavior\WriteHtmlCacheBehavior [ RunTime:0.000330s ]
INFO: [ view_filter ] --END-- [ RunTime:0.000386s ]
INFO: [ app_end ] --START--
INFO: Run Behavior\ShowPageTraceBehavior [ RunTime:0.000556s ]
INFO: [ app_end ] --END-- [ RunTime:0.000615s ]

[ 2015-08-24T20:48:25+08:00 ] 127.0.0.1 /index.php/Admin/user/index.html
INFO: [ app_init ] --START--
INFO: Run Behavior\BuildLiteBehavior [ RunTime:0.000016s ]
INFO: [ app_init ] --END-- [ RunTime:0.000450s ]
INFO: [ app_begin ] --START--
INFO: Run Behavior\ReadHtmlCacheBehavior [ RunTime:0.000560s ]
INFO: Run Behavior\CheckLangBehavior [ RunTime:0.000757s ]
INFO: [ app_begin ] --END-- [ RunTime:0.001437s ]
NOTIC: [8] A session had already been started - ignoring session_start() D:\wwwroot\fx\ThinkPHP\Common\functions.php 第 1263 行.
INFO: [ view_parse ] --START--
INFO: [ template_filter ] --START--
INFO: Run Behavior\ContentReplaceBehavior [ RunTime:0.000077s ]
INFO: [ template_filter ] --END-- [ RunTime:0.000147s ]
INFO: Run Behavior\ParseTemplateBehavior [ RunTime:0.007902s ]
INFO: [ view_parse ] --END-- [ RunTime:0.007971s ]
INFO: [ view_filter ] --START--
INFO: Run Behavior\WriteHtmlCacheBehavior [ RunTime:0.000327s ]
INFO: [ view_filter ] --END-- [ RunTime:0.000383s ]
INFO: [ app_end ] --START--
INFO: Run Behavior\ShowPageTraceBehavior [ RunTime:0.000549s ]
INFO: [ app_end ] --END-- [ RunTime:0.000610s ]

[ 2015-08-24T20:48:26+08:00 ] 127.0.0.1 /index.php/Admin/user/index.html
INFO: [ app_init ] --START--
INFO: Run Behavior\BuildLiteBehavior [ RunTime:0.000017s ]
INFO: [ app_init ] --END-- [ RunTime:0.000453s ]
INFO: [ app_begin ] --START--
INFO: Run Behavior\ReadHtmlCacheBehavior [ RunTime:0.000546s ]
INFO: Run Behavior\CheckLangBehavior [ RunTime:0.000789s ]
INFO: [ app_begin ] --END-- [ RunTime:0.001442s ]
NOTIC: [8] A session had already been started - ignoring session_start() D:\wwwroot\fx\ThinkPHP\Common\functions.php 第 1263 行.
INFO: [ view_parse ] --START--
INFO: [ template_filter ] --START--
INFO: Run Behavior\ContentReplaceBehavior [ RunTime:0.000074s ]
INFO: [ template_filter ] --END-- [ RunTime:0.000143s ]
INFO: Run Behavior\ParseTemplateBehavior [ RunTime:0.007434s ]
INFO: [ view_parse ] --END-- [ RunTime:0.007503s ]
INFO: [ view_filter ] --START--
INFO: Run Behavior\WriteHtmlCacheBehavior [ RunTime:0.000327s ]
INFO: [ view_filter ] --END-- [ RunTime:0.000384s ]
INFO: [ app_end ] --START--
INFO: Run Behavior\ShowPageTraceBehavior [ RunTime:0.000561s ]
INFO: [ app_end ] --END-- [ RunTime:0.000621s ]

[ 2015-08-24T20:49:34+08:00 ] 127.0.0.1 /index.php/Admin/user/index.html
INFO: [ app_init ] --START--
INFO: Run Behavior\BuildLiteBehavior [ RunTime:0.000017s ]
INFO: [ app_init ] --END-- [ RunTime:0.000425s ]
INFO: [ app_begin ] --START--
INFO: Run Behavior\ReadHtmlCacheBehavior [ RunTime:0.000509s ]
INFO: Run Behavior\CheckLangBehavior [ RunTime:0.000673s ]
INFO: [ app_begin ] --END-- [ RunTime:0.001291s ]
NOTIC: [8] A session had already been started - ignoring session_start() D:\wwwroot\fx\ThinkPHP\Common\functions.php 第 1263 行.
INFO: [ view_parse ] --START--
INFO: [ template_filter ] --START--
INFO: Run Behavior\ContentReplaceBehavior [ RunTime:0.000079s ]
INFO: [ template_filter ] --END-- [ RunTime:0.000154s ]
INFO: Run Behavior\ParseTemplateBehavior [ RunTime:0.007873s ]
INFO: [ view_parse ] --END-- [ RunTime:0.007966s ]
INFO: [ view_filter ] --START--
INFO: Run Behavior\WriteHtmlCacheBehavior [ RunTime:0.000282s ]
INFO: [ view_filter ] --END-- [ RunTime:0.000333s ]
INFO: [ app_end ] --START--
INFO: Run Behavior\ShowPageTraceBehavior [ RunTime:0.000506s ]
INFO: [ app_end ] --END-- [ RunTime:0.000561s ]

[ 2015-08-24T20:49:36+08:00 ] 127.0.0.1 /index.php/Admin/user/index.html
INFO: [ app_init ] --START--
INFO: Run Behavior\BuildLiteBehavior [ RunTime:0.000018s ]
INFO: [ app_init ] --END-- [ RunTime:0.000547s ]
INFO: [ app_begin ] --START--
INFO: Run Behavior\ReadHtmlCacheBehavior [ RunTime:0.000495s ]
INFO: Run Behavior\CheckLangBehavior [ RunTime:0.000742s ]
INFO: [ app_begin ] --END-- [ RunTime:0.001339s ]
NOTIC: [8] A session had already been started - ignoring session_start() D:\wwwroot\fx\ThinkPHP\Common\functions.php 第 1263 行.
INFO: [ view_parse ] --START--
INFO: [ template_filter ] --START--
INFO: Run Behavior\ContentReplaceBehavior [ RunTime:0.000077s ]
INFO: [ template_filter ] --END-- [ RunTime:0.000143s ]
INFO: Run Behavior\ParseTemplateBehavior [ RunTime:0.007669s ]
INFO: [ view_parse ] --END-- [ RunTime:0.007736s ]
INFO: [ view_filter ] --START--
INFO: Run Behavior\WriteHtmlCacheBehavior [ RunTime:0.000327s ]
INFO: [ view_filter ] --END-- [ RunTime:0.000383s ]
INFO: [ app_end ] --START--
INFO: Run Behavior\ShowPageTraceBehavior [ RunTime:0.000563s ]
INFO: [ app_end ] --END-- [ RunTime:0.000622s ]

[ 2015-08-24T20:49:37+08:00 ] 127.0.0.1 /index.php/Admin/auth/index.html
INFO: [ app_init ] --START--
INFO: Run Behavior\BuildLiteBehavior [ RunTime:0.000017s ]
INFO: [ app_init ] --END-- [ RunTime:0.000442s ]
INFO: [ app_begin ] --START--
INFO: Run Behavior\ReadHtmlCacheBehavior [ RunTime:0.000551s ]
INFO: Run Behavior\CheckLangBehavior [ RunTime:0.000796s ]
INFO: [ app_begin ] --END-- [ RunTime:0.001456s ]
NOTIC: [8] A session had already been started - ignoring session_start() D:\wwwroot\fx\ThinkPHP\Common\functions.php 第 1263 行.
ERR: 无法加载控制器:Auth

[ 2015-08-24T20:53:12+08:00 ] 127.0.0.1 /index.php/Admin/user/index.html
INFO: [ app_init ] --START--
INFO: Run Behavior\BuildLiteBehavior [ RunTime:0.000016s ]
INFO: [ app_init ] --END-- [ RunTime:0.000487s ]
INFO: [ app_begin ] --START--
INFO: Run Behavior\ReadHtmlCacheBehavior [ RunTime:0.000637s ]
INFO: Run Behavior\CheckLangBehavior [ RunTime:0.000930s ]
INFO: [ app_begin ] --END-- [ RunTime:0.001678s ]
NOTIC: [8] A session had already been started - ignoring session_start() D:\wwwroot\fx\ThinkPHP\Common\functions.php 第 1263 行.
INFO: [ view_parse ] --START--
INFO: [ template_filter ] --START--
INFO: Run Behavior\ContentReplaceBehavior [ RunTime:0.000078s ]
INFO: [ template_filter ] --END-- [ RunTime:0.000142s ]
INFO: Run Behavior\ParseTemplateBehavior [ RunTime:0.008600s ]
INFO: [ view_parse ] --END-- [ RunTime:0.008687s ]
INFO: [ view_filter ] --START--
INFO: Run Behavior\WriteHtmlCacheBehavior [ RunTime:0.000457s ]
INFO: [ view_filter ] --END-- [ RunTime:0.000516s ]
INFO: [ app_end ] --START--
INFO: Run Behavior\ShowPageTraceBehavior [ RunTime:0.000640s ]
INFO: [ app_end ] --END-- [ RunTime:0.000700s ]

[ 2015-08-24T20:53:14+08:00 ] 127.0.0.1 /index.php/Admin/user/index.html
INFO: [ app_init ] --START--
INFO: Run Behavior\BuildLiteBehavior [ RunTime:0.000016s ]
INFO: [ app_init ] --END-- [ RunTime:0.000465s ]
INFO: [ app_begin ] --START--
INFO: Run Behavior\ReadHtmlCacheBehavior [ RunTime:0.000546s ]
INFO: Run Behavior\CheckLangBehavior [ RunTime:0.000752s ]
INFO: [ app_begin ] --END-- [ RunTime:0.001403s ]
NOTIC: [8] A session had already been started - ignoring session_start() D:\wwwroot\fx\ThinkPHP\Common\functions.php 第 1263 行.
INFO: [ view_parse ] --START--
INFO: [ template_filter ] --START--
INFO: Run Behavior\ContentReplaceBehavior [ RunTime:0.000077s ]
INFO: [ template_filter ] --END-- [ RunTime:0.000140s ]
INFO: Run Behavior\ParseTemplateBehavior [ RunTime:0.007687s ]
INFO: [ view_parse ] --END-- [ RunTime:0.007754s ]
INFO: [ view_filter ] --START--
INFO: Run Behavior\WriteHtmlCacheBehavior [ RunTime:0.000328s ]
INFO: [ view_filter ] --END-- [ RunTime:0.000383s ]
INFO: [ app_end ] --START--
INFO: Run Behavior\ShowPageTraceBehavior [ RunTime:0.000552s ]
INFO: [ app_end ] --END-- [ RunTime:0.000612s ]

[ 2015-08-24T20:53:16+08:00 ] 127.0.0.1 /index.php/Admin/index/index.html
INFO: [ app_init ] --START--
INFO: Run Behavior\BuildLiteBehavior [ RunTime:0.000015s ]
INFO: [ app_init ] --END-- [ RunTime:0.000355s ]
INFO: [ app_begin ] --START--
INFO: Run Behavior\ReadHtmlCacheBehavior [ RunTime:0.000460s ]
INFO: Run Behavior\CheckLangBehavior [ RunTime:0.000621s ]
INFO: [ app_begin ] --END-- [ RunTime:0.001183s ]
NOTIC: [8] A session had already been started - ignoring session_start() D:\wwwroot\fx\ThinkPHP\Common\functions.php 第 1263 行.
INFO: [ view_parse ] --START--
INFO: [ template_filter ] --START--
INFO: Run Behavior\ContentReplaceBehavior [ RunTime:0.000080s ]
INFO: [ template_filter ] --END-- [ RunTime:0.000152s ]
INFO: Run Behavior\ParseTemplateBehavior [ RunTime:0.008091s ]
INFO: [ view_parse ] --END-- [ RunTime:0.008158s ]
INFO: [ view_filter ] --START--
INFO: Run Behavior\WriteHtmlCacheBehavior [ RunTime:0.000259s ]
INFO: [ view_filter ] --END-- [ RunTime:0.000311s ]
INFO: [ app_end ] --START--
INFO: Run Behavior\ShowPageTraceBehavior [ RunTime:0.000469s ]
INFO: [ app_end ] --END-- [ RunTime:0.000525s ]

[ 2015-08-24T20:53:17+08:00 ] 127.0.0.1 /index.php/Admin/user/index.html
INFO: [ app_init ] --START--
INFO: Run Behavior\BuildLiteBehavior [ RunTime:0.000016s ]
INFO: [ app_init ] --END-- [ RunTime:0.000444s ]
INFO: [ app_begin ] --START--
INFO: Run Behavior\ReadHtmlCacheBehavior [ RunTime:0.000542s ]
INFO: Run Behavior\CheckLangBehavior [ RunTime:0.000788s ]
INFO: [ app_begin ] --END-- [ RunTime:0.001439s ]
NOTIC: [8] A session had already been started - ignoring session_start() D:\wwwroot\fx\ThinkPHP\Common\functions.php 第 1263 行.
INFO: [ view_parse ] --START--
INFO: [ template_filter ] --START--
INFO: Run Behavior\ContentReplaceBehavior [ RunTime:0.000078s ]
INFO: [ template_filter ] --END-- [ RunTime:0.000144s ]
INFO: Run Behavior\ParseTemplateBehavior [ RunTime:0.007867s ]
INFO: [ view_parse ] --END-- [ RunTime:0.007940s ]
INFO: [ view_filter ] --START--
INFO: Run Behavior\WriteHtmlCacheBehavior [ RunTime:0.000336s ]
INFO: [ view_filter ] --END-- [ RunTime:0.000394s ]
INFO: [ app_end ] --START--
INFO: Run Behavior\ShowPageTraceBehavior [ RunTime:0.000564s ]
INFO: [ app_end ] --END-- [ RunTime:0.000623s ]

[ 2015-08-24T20:53:18+08:00 ] 127.0.0.1 /index.php/Admin/system/index.html
INFO: [ app_init ] --START--
INFO: Run Behavior\BuildLiteBehavior [ RunTime:0.000016s ]
INFO: [ app_init ] --END-- [ RunTime:0.000444s ]
INFO: [ app_begin ] --START--
INFO: Run Behavior\ReadHtmlCacheBehavior [ RunTime:0.000542s ]
INFO: Run Behavior\CheckLangBehavior [ RunTime:0.000728s ]
INFO: [ app_begin ] --END-- [ RunTime:0.001377s ]
NOTIC: [8] A session had already been started - ignoring session_start() D:\wwwroot\fx\ThinkPHP\Common\functions.php 第 1263 行.
ERR: 无法加载控制器:System

[ 2015-08-24T20:53:20+08:00 ] 127.0.0.1 /index.php/Admin/user/index.html
INFO: [ app_init ] --START--
INFO: Run Behavior\BuildLiteBehavior [ RunTime:0.000016s ]
INFO: [ app_init ] --END-- [ RunTime:0.000450s ]
INFO: [ app_begin ] --START--
INFO: Run Behavior\ReadHtmlCacheBehavior [ RunTime:0.000546s ]
INFO: Run Behavior\CheckLangBehavior [ RunTime:0.000739s ]
INFO: [ app_begin ] --END-- [ RunTime:0.001391s ]
NOTIC: [8] A session had already been started - ignoring session_start() D:\wwwroot\fx\ThinkPHP\Common\functions.php 第 1263 行.
INFO: [ view_parse ] --START--
INFO: [ template_filter ] --START--
INFO: Run Behavior\ContentReplaceBehavior [ RunTime:0.000078s ]
INFO: [ template_filter ] --END-- [ RunTime:0.000145s ]
INFO: Run Behavior\ParseTemplateBehavior [ RunTime:0.008013s ]
INFO: [ view_parse ] --END-- [ RunTime:0.008079s ]
INFO: [ view_filter ] --START--
INFO: Run Behavior\WriteHtmlCacheBehavior [ RunTime:0.000326s ]
INFO: [ view_filter ] --END-- [ RunTime:0.000382s ]
INFO: [ app_end ] --START--
INFO: Run Behavior\ShowPageTraceBehavior [ RunTime:0.000566s ]
INFO: [ app_end ] --END-- [ RunTime:0.000624s ]

[ 2015-08-24T20:53:20+08:00 ] 127.0.0.1 /index.php/Admin/system/index.html
INFO: [ app_init ] --START--
INFO: Run Behavior\BuildLiteBehavior [ RunTime:0.000017s ]
INFO: [ app_init ] --END-- [ RunTime:0.000445s ]
INFO: [ app_begin ] --START--
INFO: Run Behavior\ReadHtmlCacheBehavior [ RunTime:0.000541s ]
INFO: Run Behavior\CheckLangBehavior [ RunTime:0.000656s ]
INFO: [ app_begin ] --END-- [ RunTime:0.001312s ]
NOTIC: [8] A session had already been started - ignoring session_start() D:\wwwroot\fx\ThinkPHP\Common\functions.php 第 1263 行.
ERR: 无法加载控制器:System

[ 2015-08-24T22:37:07+08:00 ] 127.0.0.1 /index.php/Admin/user/index.html
INFO: [ app_init ] --START--
INFO: Run Behavior\BuildLiteBehavior [ RunTime:0.000055s ]
INFO: [ app_init ] --END-- [ RunTime:0.000973s ]
INFO: [ app_begin ] --START--
INFO: Run Behavior\ReadHtmlCacheBehavior [ RunTime:0.000759s ]
INFO: Run Behavior\CheckLangBehavior [ RunTime:0.001118s ]
INFO: [ app_begin ] --END-- [ RunTime:0.001999s ]
NOTIC: [8] A session had already been started - ignoring session_start() D:\wwwroot\fx\ThinkPHP\Common\functions.php 第 1263 行.
INFO: [ view_parse ] --START--
INFO: [ template_filter ] --START--
INFO: Run Behavior\ContentReplaceBehavior [ RunTime:0.000083s ]
INFO: [ template_filter ] --END-- [ RunTime:0.000148s ]
INFO: Run Behavior\ParseTemplateBehavior [ RunTime:0.009797s ]
INFO: [ view_parse ] --END-- [ RunTime:0.009882s ]
INFO: [ view_filter ] --START--
INFO: Run Behavior\WriteHtmlCacheBehavior [ RunTime:0.000596s ]
INFO: [ view_filter ] --END-- [ RunTime:0.000660s ]
INFO: [ app_end ] --START--
INFO: Run Behavior\ShowPageTraceBehavior [ RunTime:0.000688s ]
INFO: [ app_end ] --END-- [ RunTime:0.000749s ]

[ 2015-08-24T22:37:08+08:00 ] 127.0.0.1 /index.php/Admin/index/index.html
INFO: [ app_init ] --START--
INFO: Run Behavior\BuildLiteBehavior [ RunTime:0.000015s ]
INFO: [ app_init ] --END-- [ RunTime:0.000385s ]
INFO: [ app_begin ] --START--
INFO: Run Behavior\ReadHtmlCacheBehavior [ RunTime:0.000781s ]
INFO: Run Behavior\CheckLangBehavior [ RunTime:0.000921s ]
INFO: [ app_begin ] --END-- [ RunTime:0.001832s ]
NOTIC: [8] A session had already been started - ignoring session_start() D:\wwwroot\fx\ThinkPHP\Common\functions.php 第 1263 行.
INFO: [ view_parse ] --START--
INFO: [ template_filter ] --START--
INFO: Run Behavior\ContentReplaceBehavior [ RunTime:0.000081s ]
INFO: [ template_filter ] --END-- [ RunTime:0.000143s ]
INFO: Run Behavior\ParseTemplateBehavior [ RunTime:0.009023s ]
INFO: [ view_parse ] --END-- [ RunTime:0.009091s ]
INFO: [ view_filter ] --START--
INFO: Run Behavior\WriteHtmlCacheBehavior [ RunTime:0.000356s ]
INFO: [ view_filter ] --END-- [ RunTime:0.000407s ]
INFO: [ app_end ] --START--
INFO: Run Behavior\ShowPageTraceBehavior [ RunTime:0.000667s ]
INFO: [ app_end ] --END-- [ RunTime:0.000755s ]

[ 2015-08-24T22:37:09+08:00 ] 127.0.0.1 /index.php/Admin/user/index.html
INFO: [ app_init ] --START--
INFO: Run Behavior\BuildLiteBehavior [ RunTime:0.000026s ]
INFO: [ app_init ] --END-- [ RunTime:0.000533s ]
INFO: [ app_begin ] --START--
INFO: Run Behavior\ReadHtmlCacheBehavior [ RunTime:0.000744s ]
INFO: Run Behavior\CheckLangBehavior [ RunTime:0.001094s ]
INFO: [ app_begin ] --END-- [ RunTime:0.001989s ]
NOTIC: [8] A session had already been started - ignoring session_start() D:\wwwroot\fx\ThinkPHP\Common\functions.php 第 1263 行.
INFO: [ view_parse ] --START--
INFO: [ template_filter ] --START--
INFO: Run Behavior\ContentReplaceBehavior [ RunTime:0.000107s ]
INFO: [ template_filter ] --END-- [ RunTime:0.000230s ]
INFO: Run Behavior\ParseTemplateBehavior [ RunTime:0.011707s ]
INFO: [ view_parse ] --END-- [ RunTime:0.011779s ]
INFO: [ view_filter ] --START--
INFO: Run Behavior\WriteHtmlCacheBehavior [ RunTime:0.000372s ]
INFO: [ view_filter ] --END-- [ RunTime:0.000424s ]
INFO: [ app_end ] --START--
INFO: Run Behavior\ShowPageTraceBehavior [ RunTime:0.000600s ]
INFO: [ app_end ] --END-- [ RunTime:0.000656s ]

[ 2015-08-24T22:37:12+08:00 ] 127.0.0.1 /index.php/Admin/index/index.html
INFO: [ app_init ] --START--
INFO: Run Behavior\BuildLiteBehavior [ RunTime:0.000017s ]
INFO: [ app_init ] --END-- [ RunTime:0.000465s ]
INFO: [ app_begin ] --START--
INFO: Run Behavior\ReadHtmlCacheBehavior [ RunTime:0.000694s ]
INFO: Run Behavior\CheckLangBehavior [ RunTime:0.001041s ]
INFO: [ app_begin ] --END-- [ RunTime:0.001855s ]
NOTIC: [8] A session had already been started - ignoring session_start() D:\wwwroot\fx\ThinkPHP\Common\functions.php 第 1263 行.
INFO: [ view_parse ] --START--
INFO: [ template_filter ] --START--
INFO: Run Behavior\ContentReplaceBehavior [ RunTime:0.000079s ]
INFO: [ template_filter ] --END-- [ RunTime:0.000153s ]
INFO: Run Behavior\ParseTemplateBehavior [ RunTime:0.011859s ]
INFO: [ view_parse ] --END-- [ RunTime:0.011929s ]
INFO: [ view_filter ] --START--
INFO: Run Behavior\WriteHtmlCacheBehavior [ RunTime:0.000451s ]
INFO: [ view_filter ] --END-- [ RunTime:0.000508s ]
INFO: [ app_end ] --START--
INFO: Run Behavior\ShowPageTraceBehavior [ RunTime:0.000685s ]
INFO: [ app_end ] --END-- [ RunTime:0.000744s ]

[ 2015-08-24T22:37:14+08:00 ] 127.0.0.1 /index.php/Admin/user/index.html
INFO: [ app_init ] --START--
INFO: Run Behavior\BuildLiteBehavior [ RunTime:0.000017s ]
INFO: [ app_init ] --END-- [ RunTime:0.000465s ]
INFO: [ app_begin ] --START--
INFO: Run Behavior\ReadHtmlCacheBehavior [ RunTime:0.000679s ]
INFO: Run Behavior\CheckLangBehavior [ RunTime:0.001037s ]
INFO: [ app_begin ] --END-- [ RunTime:0.001829s ]
NOTIC: [8] A session had already been started - ignoring session_start() D:\wwwroot\fx\ThinkPHP\Common\functions.php 第 1263 行.
INFO: [ view_parse ] --START--
INFO: [ template_filter ] --START--
INFO: Run Behavior\ContentReplaceBehavior [ RunTime:0.000127s ]
INFO: [ template_filter ] --END-- [ RunTime:0.000256s ]
INFO: Run Behavior\ParseTemplateBehavior [ RunTime:0.010893s ]
INFO: [ view_parse ] --END-- [ RunTime:0.010981s ]
INFO: [ view_filter ] --START--
INFO: Run Behavior\WriteHtmlCacheBehavior [ RunTime:0.000443s ]
INFO: [ view_filter ] --END-- [ RunTime:0.000502s ]
INFO: [ app_end ] --START--
INFO: Run Behavior\ShowPageTraceBehavior [ RunTime:0.000612s ]
INFO: [ app_end ] --END-- [ RunTime:0.000669s ]

[ 2015-08-24T22:40:46+08:00 ] 127.0.0.1 /index.php/Admin/user/index.html
INFO: [ app_init ] --START--
INFO: Run Behavior\BuildLiteBehavior [ RunTime:0.000016s ]
INFO: [ app_init ] --END-- [ RunTime:0.000491s ]
INFO: [ app_begin ] --START--
INFO: Run Behavior\ReadHtmlCacheBehavior [ RunTime:0.000682s ]
INFO: Run Behavior\CheckLangBehavior [ RunTime:0.001055s ]
INFO: [ app_begin ] --END-- [ RunTime:0.001874s ]
NOTIC: [8] A session had already been started - ignoring session_start() D:\wwwroot\fx\ThinkPHP\Common\functions.php 第 1263 行.
INFO: [ view_parse ] --START--
INFO: [ template_filter ] --START--
INFO: Run Behavior\ContentReplaceBehavior [ RunTime:0.000078s ]
INFO: [ template_filter ] --END-- [ RunTime:0.000148s ]
INFO: Run Behavior\ParseTemplateBehavior [ RunTime:0.009917s ]
INFO: [ view_parse ] --END-- [ RunTime:0.009986s ]
INFO: [ view_filter ] --START--
INFO: Run Behavior\WriteHtmlCacheBehavior [ RunTime:0.000469s ]
INFO: [ view_filter ] --END-- [ RunTime:0.000525s ]
INFO: [ app_end ] --START--
INFO: Run Behavior\ShowPageTraceBehavior [ RunTime:0.000630s ]
INFO: [ app_end ] --END-- [ RunTime:0.000689s ]

[ 2015-08-24T22:42:00+08:00 ] 127.0.0.1 /index.php/Admin/user/index.html
INFO: [ app_init ] --START--
INFO: Run Behavior\BuildLiteBehavior [ RunTime:0.000016s ]
INFO: [ app_init ] --END-- [ RunTime:0.000455s ]
INFO: [ app_begin ] --START--
INFO: Run Behavior\ReadHtmlCacheBehavior [ RunTime:0.000658s ]
INFO: Run Behavior\CheckLangBehavior [ RunTime:0.001039s ]
INFO: [ app_begin ] --END-- [ RunTime:0.001804s ]
NOTIC: [8] A session had already been started - ignoring session_start() D:\wwwroot\fx\ThinkPHP\Common\functions.php 第 1263 行.
INFO: [ view_parse ] --START--
INFO: [ template_filter ] --START--
INFO: Run Behavior\ContentReplaceBehavior [ RunTime:0.000077s ]
INFO: [ template_filter ] --END-- [ RunTime:0.000146s ]
INFO: Run Behavior\ParseTemplateBehavior [ RunTime:0.009779s ]
INFO: [ view_parse ] --END-- [ RunTime:0.009851s ]
INFO: [ view_filter ] --START--
INFO: Run Behavior\WriteHtmlCacheBehavior [ RunTime:0.000455s ]
INFO: [ view_filter ] --END-- [ RunTime:0.000510s ]
INFO: [ app_end ] --START--
INFO: Run Behavior\ShowPageTraceBehavior [ RunTime:0.000648s ]
INFO: [ app_end ] --END-- [ RunTime:0.000708s ]

[ 2015-08-24T22:42:32+08:00 ] 127.0.0.1 /index.php/Admin/user/index.html
INFO: [ app_init ] --START--
INFO: Run Behavior\BuildLiteBehavior [ RunTime:0.000018s ]
INFO: [ app_init ] --END-- [ RunTime:0.000486s ]
INFO: [ app_begin ] --START--
INFO: Run Behavior\ReadHtmlCacheBehavior [ RunTime:0.000659s ]
INFO: Run Behavior\CheckLangBehavior [ RunTime:0.001043s ]
INFO: [ app_begin ] --END-- [ RunTime:0.001829s ]
NOTIC: [8] A session had already been started - ignoring session_start() D:\wwwroot\fx\ThinkPHP\Common\functions.php 第 1263 行.
INFO: [ view_parse ] --START--
INFO: [ template_filter ] --START--
INFO: Run Behavior\ContentReplaceBehavior [ RunTime:0.000078s ]
INFO: [ template_filter ] --END-- [ RunTime:0.000166s ]
INFO: Run Behavior\ParseTemplateBehavior [ RunTime:0.009755s ]
INFO: [ view_parse ] --END-- [ RunTime:0.009845s ]
INFO: [ view_filter ] --START--
INFO: Run Behavior\WriteHtmlCacheBehavior [ RunTime:0.000455s ]
INFO: [ view_filter ] --END-- [ RunTime:0.000511s ]
INFO: [ app_end ] --START--
INFO: Run Behavior\ShowPageTraceBehavior [ RunTime:0.000712s ]
INFO: [ app_end ] --END-- [ RunTime:0.000770s ]

[ 2015-08-24T22:44:12+08:00 ] 127.0.0.1 /index.php/Admin/user/index.html
INFO: [ app_init ] --START--
INFO: Run Behavior\BuildLiteBehavior [ RunTime:0.000016s ]
INFO: [ app_init ] --END-- [ RunTime:0.000492s ]
INFO: [ app_begin ] --START--
INFO: Run Behavior\ReadHtmlCacheBehavior [ RunTime:0.000679s ]
INFO: Run Behavior\CheckLangBehavior [ RunTime:0.001041s ]
INFO: [ app_begin ] --END-- [ RunTime:0.001826s ]
NOTIC: [8] A session had already been started - ignoring session_start() D:\wwwroot\fx\ThinkPHP\Common\functions.php 第 1263 行.
INFO: [ view_parse ] --START--
INFO: [ template_filter ] --START--
INFO: Run Behavior\ContentReplaceBehavior [ RunTime:0.000079s ]
INFO: [ template_filter ] --END-- [ RunTime:0.000151s ]
INFO: Run Behavior\ParseTemplateBehavior [ RunTime:0.009915s ]
INFO: [ view_parse ] --END-- [ RunTime:0.009988s ]
INFO: [ view_filter ] --START--
INFO: Run Behavior\WriteHtmlCacheBehavior [ RunTime:0.000462s ]
INFO: [ view_filter ] --END-- [ RunTime:0.000520s ]
INFO: [ app_end ] --START--
INFO: Run Behavior\ShowPageTraceBehavior [ RunTime:0.000699s ]
INFO: [ app_end ] --END-- [ RunTime:0.000760s ]

[ 2015-08-24T22:44:19+08:00 ] 127.0.0.1 /index.php/Admin/user/index.html
INFO: [ app_init ] --START--
INFO: Run Behavior\BuildLiteBehavior [ RunTime:0.000015s ]
INFO: [ app_init ] --END-- [ RunTime:0.000374s ]
INFO: [ app_begin ] --START--
INFO: Run Behavior\ReadHtmlCacheBehavior [ RunTime:0.000582s ]
INFO: Run Behavior\CheckLangBehavior [ RunTime:0.000855s ]
INFO: [ app_begin ] --END-- [ RunTime:0.001539s ]
NOTIC: [8] A session had already been started - ignoring session_start() D:\wwwroot\fx\ThinkPHP\Common\functions.php 第 1263 行.
INFO: [ view_parse ] --START--
INFO: [ template_filter ] --START--
INFO: Run Behavior\ContentReplaceBehavior [ RunTime:0.000116s ]
INFO: [ template_filter ] --END-- [ RunTime:0.000212s ]
INFO: Run Behavior\ParseTemplateBehavior [ RunTime:0.009552s ]
INFO: [ view_parse ] --END-- [ RunTime:0.009644s ]
INFO: [ view_filter ] --START--
INFO: Run Behavior\WriteHtmlCacheBehavior [ RunTime:0.000397s ]
INFO: [ view_filter ] --END-- [ RunTime:0.000453s ]
INFO: [ app_end ] --START--
INFO: Run Behavior\ShowPageTraceBehavior [ RunTime:0.000615s ]
INFO: [ app_end ] --END-- [ RunTime:0.000674s ]

[ 2015-08-24T22:46:50+08:00 ] 127.0.0.1 /index.php/Admin/user/index.html
INFO: [ app_init ] --START--
INFO: Run Behavior\BuildLiteBehavior [ RunTime:0.000017s ]
INFO: [ app_init ] --END-- [ RunTime:0.000493s ]
INFO: [ app_begin ] --START--
INFO: Run Behavior\ReadHtmlCacheBehavior [ RunTime:0.000677s ]
INFO: Run Behavior\CheckLangBehavior [ RunTime:0.001039s ]
INFO: [ app_begin ] --END-- [ RunTime:0.001824s ]
NOTIC: [8] A session had already been started - ignoring session_start() D:\wwwroot\fx\ThinkPHP\Common\functions.php 第 1263 行.
INFO: [ view_parse ] --START--
INFO: [ template_filter ] --START--
INFO: Run Behavior\ContentReplaceBehavior [ RunTime:0.000080s ]
INFO: [ template_filter ] --END-- [ RunTime:0.000172s ]
INFO: Run Behavior\ParseTemplateBehavior [ RunTime:0.009809s ]
INFO: [ view_parse ] --END-- [ RunTime:0.009884s ]
INFO: [ view_filter ] --START--
INFO: Run Behavior\WriteHtmlCacheBehavior [ RunTime:0.000475s ]
INFO: [ view_filter ] --END-- [ RunTime:0.000532s ]
INFO: [ app_end ] --START--
INFO: Run Behavior\ShowPageTraceBehavior [ RunTime:0.000710s ]
INFO: [ app_end ] --END-- [ RunTime:0.000769s ]

[ 2015-08-24T22:46:52+08:00 ] 127.0.0.1 /index.php/Admin/auth/index.html
INFO: [ app_init ] --START--
INFO: Run Behavior\BuildLiteBehavior [ RunTime:0.000016s ]
INFO: [ app_init ] --END-- [ RunTime:0.000458s ]
INFO: [ app_begin ] --START--
INFO: Run Behavior\ReadHtmlCacheBehavior [ RunTime:0.000658s ]
INFO: Run Behavior\CheckLangBehavior [ RunTime:0.001035s ]
INFO: [ app_begin ] --END-- [ RunTime:0.001799s ]
NOTIC: [8] A session had already been started - ignoring session_start() D:\wwwroot\fx\ThinkPHP\Common\functions.php 第 1263 行.
ERR: 无法加载控制器:Auth

[ 2015-08-24T22:46:56+08:00 ] 127.0.0.1 /index.php/Admin/menu/index.html
INFO: [ app_init ] --START--
INFO: Run Behavior\BuildLiteBehavior [ RunTime:0.000017s ]
INFO: [ app_init ] --END-- [ RunTime:0.000454s ]
INFO: [ app_begin ] --START--
INFO: Run Behavior\ReadHtmlCacheBehavior [ RunTime:0.000617s ]
INFO: Run Behavior\CheckLangBehavior [ RunTime:0.001032s ]
INFO: [ app_begin ] --END-- [ RunTime:0.001756s ]
NOTIC: [8] A session had already been started - ignoring session_start() D:\wwwroot\fx\ThinkPHP\Common\functions.php 第 1263 行.
ERR: 无法加载控制器:Menu

